2022-07-13 21:15:39,051 [Worker-6: Loading available Gradle versions] INFO  o.e.b.c.i.u.g.PublishedGradleVersions - Gradle version information cache is out-of-date. Trying to update.
2022-07-13 21:15:39,338 [Worker-6: Loading available Gradle versions] INFO  o.e.b.c.i.u.g.PublishedGradleVersions - Updating Gradle version information cache failed. Using outdated cache.
2022-07-13 21:18:40,568 [Worker-2: Loading available Gradle versions] INFO  o.e.b.c.i.u.g.PublishedGradleVersions - Gradle version information cache is out-of-date. Trying to update.
2022-07-13 21:27:57,255 [Worker-1: Import Getting Started Content] INFO  o.e.m.c.i.l.LifecycleMappingFactory - Using org.eclipse.m2e.jdt.JarLifecycleMapping lifecycle mapping for MavenProject: br.com.erudio:rest-with-spring-boot-and-java-erudio:0.0.1-SNAPSHOT @ D:\rest-with-spring-boot-and-java-erudio\05_FistStepsInJavaWithSpringBoot\rest-with-spring-boot-and-java-erudio\pom.xml.
2022-07-13 21:27:57,948 [Worker-1: Import Getting Started Content] INFO  o.e.m.c.i.e.AbstractTransferListenerAdapter - Downloading https://repo.spring.io/milestone/org/springframework/boot/spring-boot-starter-web/3.0.0-M3/spring-boot-starter-web-3.0.0-M3.pom
2022-07-13 21:27:58,088 [Worker-1: Import Getting Started Content] INFO  o.e.m.c.i.e.AbstractTransferListenerAdapter - Downloaded https://repo.spring.io/milestone/org/springframework/boot/spring-boot-starter-web/3.0.0-M3/spring-boot-starter-web-3.0.0-M3.pom
2022-07-13 21:27:58,289 [Worker-1: Import Getting Started Content] INFO  o.e.m.c.i.e.AbstractTransferListenerAdapter - Downloading https://repo.spring.io/milestone/org/springframework/boot/spring-boot-starter-json/3.0.0-M3/spring-boot-starter-json-3.0.0-M3.pom
2022-07-13 21:27:58,435 [Worker-1: Import Getting Started Content] INFO  o.e.m.c.i.e.AbstractTransferListenerAdapter - Downloaded https://repo.spring.io/milestone/org/springframework/boot/spring-boot-starter-json/3.0.0-M3/spring-boot-starter-json-3.0.0-M3.pom
2022-07-13 21:27:58,567 [Worker-1: Import Getting Started Content] INFO  o.e.m.c.i.e.AbstractTransferListenerAdapter - Downloading https://repo.spring.io/milestone/org/springframework/spring-web/6.0.0-M4/spring-web-6.0.0-M4.pom
2022-07-13 21:27:58,708 [Worker-1: Import Getting Started Content] INFO  o.e.m.c.i.e.AbstractTransferListenerAdapter - Downloaded https://repo.spring.io/milestone/org/springframework/spring-web/6.0.0-M4/spring-web-6.0.0-M4.pom
2022-07-13 21:27:58,887 [Worker-1: Import Getting Started Content] INFO  o.e.m.c.i.e.AbstractTransferListenerAdapter - Downloading https://repo.spring.io/milestone/org/springframework/boot/spring-boot-starter-tomcat/3.0.0-M3/spring-boot-starter-tomcat-3.0.0-M3.pom
2022-07-13 21:27:59,023 [Worker-1: Import Getting Started Content] INFO  o.e.m.c.i.e.AbstractTransferListenerAdapter - Downloaded https://repo.spring.io/milestone/org/springframework/boot/spring-boot-starter-tomcat/3.0.0-M3/spring-boot-starter-tomcat-3.0.0-M3.pom
2022-07-13 21:27:59,153 [Worker-1: Import Getting Started Content] INFO  o.e.m.c.i.e.AbstractTransferListenerAdapter - Downloaded https://repo.spring.io/milestone/org/apache/tomcat/embed/tomcat-embed-core/10.0.21/tomcat-embed-core-10.0.21.pom
2022-07-13 21:27:59,972 [Worker-1: Import Getting Started Content] INFO  o.e.m.c.i.e.AbstractTransferListenerAdapter - Downloading https://repo.maven.apache.org/maven2/org/apache/tomcat/embed/tomcat-embed-core/10.0.21/tomcat-embed-core-10.0.21.pom
2022-07-13 21:28:00,232 [Worker-1: Import Getting Started Content] INFO  o.e.m.c.i.e.AbstractTransferListenerAdapter - Downloaded https://repo.maven.apache.org/maven2/org/apache/tomcat/embed/tomcat-embed-core/10.0.21/tomcat-embed-core-10.0.21.pom
2022-07-13 21:28:00,363 [Worker-1: Import Getting Started Content] INFO  o.e.m.c.i.e.AbstractTransferListenerAdapter - Downloaded https://repo.spring.io/milestone/org/apache/tomcat/embed/tomcat-embed-el/10.0.21/tomcat-embed-el-10.0.21.pom
2022-07-13 21:28:00,495 [Worker-1: Import Getting Started Content] INFO  o.e.m.c.i.e.AbstractTransferListenerAdapter - Downloading https://repo.maven.apache.org/maven2/org/apache/tomcat/embed/tomcat-embed-el/10.0.21/tomcat-embed-el-10.0.21.pom
2022-07-13 21:28:00,635 [Worker-1: Import Getting Started Content] INFO  o.e.m.c.i.e.AbstractTransferListenerAdapter - Downloaded https://repo.maven.apache.org/maven2/org/apache/tomcat/embed/tomcat-embed-el/10.0.21/tomcat-embed-el-10.0.21.pom
2022-07-13 21:28:00,769 [Worker-1: Import Getting Started Content] INFO  o.e.m.c.i.e.AbstractTransferListenerAdapter - Downloaded https://repo.spring.io/milestone/org/apache/tomcat/embed/tomcat-embed-websocket/10.0.21/tomcat-embed-websocket-10.0.21.pom
2022-07-13 21:28:00,902 [Worker-1: Import Getting Started Content] INFO  o.e.m.c.i.e.AbstractTransferListenerAdapter - Downloading https://repo.maven.apache.org/maven2/org/apache/tomcat/embed/tomcat-embed-websocket/10.0.21/tomcat-embed-websocket-10.0.21.pom
2022-07-13 21:28:01,048 [Worker-1: Import Getting Started Content] INFO  o.e.m.c.i.e.AbstractTransferListenerAdapter - Downloaded https://repo.maven.apache.org/maven2/org/apache/tomcat/embed/tomcat-embed-websocket/10.0.21/tomcat-embed-websocket-10.0.21.pom
2022-07-13 21:28:01,186 [Worker-1: Import Getting Started Content] INFO  o.e.m.c.i.e.AbstractTransferListenerAdapter - Downloading https://repo.spring.io/milestone/org/springframework/spring-webmvc/6.0.0-M4/spring-webmvc-6.0.0-M4.pom
2022-07-13 21:28:01,324 [Worker-1: Import Getting Started Content] INFO  o.e.m.c.i.e.AbstractTransferListenerAdapter - Downloaded https://repo.spring.io/milestone/org/springframework/spring-webmvc/6.0.0-M4/spring-webmvc-6.0.0-M4.pom
2022-07-13 21:28:01,483 [Worker-1: Import Getting Started Content] INFO  o.e.m.c.i.e.AbstractTransferListenerAdapter - Downloading https://repo.spring.io/milestone/org/springframework/boot/spring-boot-devtools/3.0.0-M3/spring-boot-devtools-3.0.0-M3.pom
2022-07-13 21:28:01,617 [Worker-1: Import Getting Started Content] INFO  o.e.m.c.i.e.AbstractTransferListenerAdapter - Downloaded https://repo.spring.io/milestone/org/springframework/boot/spring-boot-devtools/3.0.0-M3/spring-boot-devtools-3.0.0-M3.pom
2022-07-13 21:28:01,870 [AetherRepositoryConnector-repo.spring.io-0-0] INFO  o.e.m.c.i.e.AbstractTransferListenerAdapter - Downloading https://repo.spring.io/milestone/org/springframework/boot/spring-boot-starter-web/3.0.0-M3/spring-boot-starter-web-3.0.0-M3.jar
2022-07-13 21:28:02,003 [AetherRepositoryConnector-repo.spring.io-0-0] INFO  o.e.m.c.i.e.AbstractTransferListenerAdapter - Downloaded https://repo.spring.io/milestone/org/springframework/boot/spring-boot-starter-web/3.0.0-M3/spring-boot-starter-web-3.0.0-M3.jar
2022-07-13 21:28:02,127 [AetherRepositoryConnector-repo.spring.io-0-0] INFO  o.e.m.c.i.e.AbstractTransferListenerAdapter - Downloaded https://repo.spring.io/milestone/org/apache/tomcat/embed/tomcat-embed-websocket/10.0.21/tomcat-embed-websocket-10.0.21.jar
2022-07-13 21:28:02,222 [AetherRepositoryConnector-repo.spring.io-0-3] INFO  o.e.m.c.i.e.AbstractTransferListenerAdapter - Downloaded https://repo.spring.io/milestone/org/apache/tomcat/embed/tomcat-embed-core/10.0.21/tomcat-embed-core-10.0.21.jar
2022-07-13 21:28:02,285 [AetherRepositoryConnector-repo.spring.io-0-0] INFO  o.e.m.c.i.e.AbstractTransferListenerAdapter - Downloading https://repo.spring.io/milestone/org/springframework/spring-web/6.0.0-M4/spring-web-6.0.0-M4.jar
2022-07-13 21:28:02,341 [AetherRepositoryConnector-repo.spring.io-0-4] INFO  o.e.m.c.i.e.AbstractTransferListenerAdapter - Downloaded https://repo.spring.io/milestone/org/apache/tomcat/embed/tomcat-embed-el/10.0.21/tomcat-embed-el-10.0.21.jar
2022-07-13 21:28:02,343 [AetherRepositoryConnector-repo.spring.io-0-2] INFO  o.e.m.c.i.e.AbstractTransferListenerAdapter - Downloading https://repo.spring.io/milestone/org/springframework/boot/spring-boot-starter-tomcat/3.0.0-M3/spring-boot-starter-tomcat-3.0.0-M3.jar
2022-07-13 21:28:02,349 [AetherRepositoryConnector-repo.spring.io-0-3] INFO  o.e.m.c.i.e.AbstractTransferListenerAdapter - Downloading https://repo.spring.io/milestone/org/springframework/spring-webmvc/6.0.0-M4/spring-webmvc-6.0.0-M4.jar
2022-07-13 21:28:02,351 [AetherRepositoryConnector-repo.spring.io-0-1] INFO  o.e.m.c.i.e.AbstractTransferListenerAdapter - Downloading https://repo.spring.io/milestone/org/springframework/boot/spring-boot-starter-json/3.0.0-M3/spring-boot-starter-json-3.0.0-M3.jar
2022-07-13 21:28:02,485 [AetherRepositoryConnector-repo.spring.io-0-1] INFO  o.e.m.c.i.e.AbstractTransferListenerAdapter - Downloaded https://repo.spring.io/milestone/org/springframework/boot/spring-boot-starter-json/3.0.0-M3/spring-boot-starter-json-3.0.0-M3.jar
2022-07-13 21:28:02,495 [AetherRepositoryConnector-repo.spring.io-0-2] INFO  o.e.m.c.i.e.AbstractTransferListenerAdapter - Downloaded https://repo.spring.io/milestone/org/springframework/boot/spring-boot-starter-tomcat/3.0.0-M3/spring-boot-starter-tomcat-3.0.0-M3.jar
2022-07-13 21:28:02,499 [AetherRepositoryConnector-repo.spring.io-0-4] INFO  o.e.m.c.i.e.AbstractTransferListenerAdapter - Downloading https://repo.spring.io/milestone/org/springframework/boot/spring-boot-devtools/3.0.0-M3/spring-boot-devtools-3.0.0-M3.jar
2022-07-13 21:28:03,135 [AetherRepositoryConnector-repo.spring.io-0-4] INFO  o.e.m.c.i.e.AbstractTransferListenerAdapter - Downloaded https://repo.spring.io/milestone/org/springframework/boot/spring-boot-devtools/3.0.0-M3/spring-boot-devtools-3.0.0-M3.jar
2022-07-13 21:28:03,266 [AetherRepositoryConnector-repo.spring.io-0-3] INFO  o.e.m.c.i.e.AbstractTransferListenerAdapter - Downloaded https://repo.spring.io/milestone/org/springframework/spring-webmvc/6.0.0-M4/spring-webmvc-6.0.0-M4.jar
2022-07-13 21:28:03,420 [AetherRepositoryConnector-repo.spring.io-0-0] INFO  o.e.m.c.i.e.AbstractTransferListenerAdapter - Downloaded https://repo.spring.io/milestone/org/springframework/spring-web/6.0.0-M4/spring-web-6.0.0-M4.jar
2022-07-13 21:28:03,576 [AetherRepositoryConnector-repo.maven.apache.org-1-0] INFO  o.e.m.c.i.e.AbstractTransferListenerAdapter - Downloading https://repo.maven.apache.org/maven2/org/apache/tomcat/embed/tomcat-embed-core/10.0.21/tomcat-embed-core-10.0.21.jar
2022-07-13 21:28:03,766 [AetherRepositoryConnector-repo.maven.apache.org-1-2] INFO  o.e.m.c.i.e.AbstractTransferListenerAdapter - Downloading https://repo.maven.apache.org/maven2/org/apache/tomcat/embed/tomcat-embed-websocket/10.0.21/tomcat-embed-websocket-10.0.21.jar
2022-07-13 21:28:03,766 [AetherRepositoryConnector-repo.maven.apache.org-1-1] INFO  o.e.m.c.i.e.AbstractTransferListenerAdapter - Downloading https://repo.maven.apache.org/maven2/org/apache/tomcat/embed/tomcat-embed-el/10.0.21/tomcat-embed-el-10.0.21.jar
2022-07-13 21:28:04,467 [AetherRepositoryConnector-repo.maven.apache.org-1-1] INFO  o.e.m.c.i.e.AbstractTransferListenerAdapter - Downloaded https://repo.maven.apache.org/maven2/org/apache/tomcat/embed/tomcat-embed-el/10.0.21/tomcat-embed-el-10.0.21.jar
2022-07-13 21:28:04,539 [AetherRepositoryConnector-repo.maven.apache.org-1-2] INFO  o.e.m.c.i.e.AbstractTransferListenerAdapter - Downloaded https://repo.maven.apache.org/maven2/org/apache/tomcat/embed/tomcat-embed-websocket/10.0.21/tomcat-embed-websocket-10.0.21.jar
2022-07-13 21:28:04,771 [AetherRepositoryConnector-repo.maven.apache.org-1-0] INFO  o.e.m.c.i.e.AbstractTransferListenerAdapter - Downloaded https://repo.maven.apache.org/maven2/org/apache/tomcat/embed/tomcat-embed-core/10.0.21/tomcat-embed-core-10.0.21.jar
2022-07-13 21:28:06,057 [Worker-1: Import Getting Started Content] INFO  o.e.m.j.i.AbstractJavaProjectConfigurator - Adding source folder /rest-with-spring-boot-and-java-erudio/src/main/java
2022-07-13 21:28:06,058 [Worker-1: Import Getting Started Content] INFO  o.e.m.j.i.AbstractJavaProjectConfigurator - Adding resource folder /rest-with-spring-boot-and-java-erudio/src/main/resources
2022-07-13 21:28:06,063 [Worker-1: Import Getting Started Content] INFO  o.e.m.j.i.AbstractJavaProjectConfigurator - Adding resource folder /rest-with-spring-boot-and-java-erudio/src/main/resources
2022-07-13 21:28:06,069 [Worker-1: Import Getting Started Content] INFO  o.e.m.j.i.AbstractJavaProjectConfigurator - Adding source folder /rest-with-spring-boot-and-java-erudio/src/test/java
2022-07-13 21:28:07,622 [Worker-12: Download sources and javadoc] INFO  o.e.m.c.i.e.AbstractTransferListenerAdapter - Downloading https://repo.spring.io/milestone/org/springframework/boot/spring-boot-starter-web/3.0.0-M3/spring-boot-starter-web-3.0.0-M3-sources.jar
2022-07-13 21:28:07,669 [Worker-1: Import Getting Started Content] INFO  o.e.m.c.i.p.ProjectConfigurationManager - Imported and configured 1 project(s) in 11 sec
2022-07-13 21:28:07,672 [Worker-1: Import Getting Started Content] INFO  o.e.m.c.i.p.ProjectConfigurationManager - Update started
2022-07-13 21:28:07,751 [Worker-12: Download sources and javadoc] INFO  o.e.m.c.i.e.AbstractTransferListenerAdapter - Downloaded https://repo.spring.io/milestone/org/springframework/boot/spring-boot-starter-web/3.0.0-M3/spring-boot-starter-web-3.0.0-M3-sources.jar
2022-07-13 21:28:07,758 [Worker-12: Download sources and javadoc] INFO  o.e.m.j.internal.DownloadSourcesJob - Downloaded sources for org.springframework.boot:spring-boot-starter-web:3.0.0-M3
2022-07-13 21:28:08,101 [Worker-1: Import Getting Started Content] INFO  o.e.m.c.i.l.LifecycleMappingFactory - Using org.eclipse.m2e.jdt.JarLifecycleMapping lifecycle mapping for MavenProject: br.com.erudio:rest-with-spring-boot-and-java-erudio:0.0.1-SNAPSHOT @ D:\rest-with-spring-boot-and-java-erudio\05_FistStepsInJavaWithSpringBoot\rest-with-spring-boot-and-java-erudio\pom.xml.
2022-07-13 21:28:08,632 [Worker-12: Download sources and javadoc] INFO  o.e.m.c.i.e.AbstractTransferListenerAdapter - Downloading https://repo.spring.io/milestone/org/springframework/boot/spring-boot-starter/3.0.0-M3/spring-boot-starter-3.0.0-M3-sources.jar
2022-07-13 21:28:08,768 [Worker-12: Download sources and javadoc] INFO  o.e.m.c.i.e.AbstractTransferListenerAdapter - Downloaded https://repo.spring.io/milestone/org/springframework/boot/spring-boot-starter/3.0.0-M3/spring-boot-starter-3.0.0-M3-sources.jar
2022-07-13 21:28:08,771 [Worker-12: Download sources and javadoc] INFO  o.e.m.j.internal.DownloadSourcesJob - Downloaded sources for org.springframework.boot:spring-boot-starter:3.0.0-M3
2022-07-13 21:28:09,088 [Worker-1: Import Getting Started Content] INFO  o.e.m.j.i.AbstractJavaProjectConfigurator - Adding source folder /rest-with-spring-boot-and-java-erudio/src/main/java
2022-07-13 21:28:09,088 [Worker-1: Import Getting Started Content] INFO  o.e.m.j.i.AbstractJavaProjectConfigurator - Adding resource folder /rest-with-spring-boot-and-java-erudio/src/main/resources
2022-07-13 21:28:09,089 [Worker-1: Import Getting Started Content] INFO  o.e.m.j.i.AbstractJavaProjectConfigurator - Adding resource folder /rest-with-spring-boot-and-java-erudio/src/main/resources
2022-07-13 21:28:09,089 [Worker-1: Import Getting Started Content] INFO  o.e.m.j.i.AbstractJavaProjectConfigurator - Adding source folder /rest-with-spring-boot-and-java-erudio/src/test/java
2022-07-13 21:28:09,504 [Worker-12: Download sources and javadoc] INFO  o.e.m.c.i.e.AbstractTransferListenerAdapter - Downloading https://repo.spring.io/milestone/org/springframework/boot/spring-boot-starter-logging/3.0.0-M3/spring-boot-starter-logging-3.0.0-M3-sources.jar
2022-07-13 21:28:09,643 [Worker-12: Download sources and javadoc] INFO  o.e.m.c.i.e.AbstractTransferListenerAdapter - Downloaded https://repo.spring.io/milestone/org/springframework/boot/spring-boot-starter-logging/3.0.0-M3/spring-boot-starter-logging-3.0.0-M3-sources.jar
2022-07-13 21:28:09,647 [Worker-12: Download sources and javadoc] INFO  o.e.m.j.internal.DownloadSourcesJob - Downloaded sources for org.springframework.boot:spring-boot-starter-logging:3.0.0-M3
2022-07-13 21:28:09,690 [Worker-1: Import Getting Started Content] INFO  o.e.m.c.i.p.ProjectConfigurationManager - Update completed: 2 sec
2022-07-13 21:28:10,102 [Worker-10: Building] INFO  o.e.m.c.i.embedder.EclipseLogger - Using 'UTF-8' encoding to copy filtered resources.
2022-07-13 21:28:10,103 [Worker-10: Building] INFO  o.e.m.c.i.embedder.EclipseLogger - Using 'UTF-8' encoding to copy filtered properties files.
2022-07-13 21:28:10,107 [Worker-10: Building] INFO  o.e.m.c.i.embedder.EclipseLogger - Copying 1 resource
2022-07-13 21:28:10,120 [Worker-10: Building] INFO  o.e.m.c.i.embedder.EclipseLogger - Copying 0 resource
2022-07-13 21:28:10,122 [Worker-10: Building] INFO  o.e.m.c.i.embedder.EclipseLogger - Using 'UTF-8' encoding to copy filtered resources.
2022-07-13 21:28:10,122 [Worker-10: Building] INFO  o.e.m.c.i.embedder.EclipseLogger - Using 'UTF-8' encoding to copy filtered properties files.
2022-07-13 21:28:10,122 [Worker-10: Building] INFO  o.e.m.c.i.embedder.EclipseLogger - skip non existing resourceDirectory D:\rest-with-spring-boot-and-java-erudio\05_FistStepsInJavaWithSpringBoot\rest-with-spring-boot-and-java-erudio\src\test\resources
2022-07-13 21:28:10,144 [Worker-12: Download sources and javadoc] INFO  o.e.m.c.i.e.AbstractTransferListenerAdapter - Downloaded https://repo.spring.io/milestone/jakarta/annotation/jakarta.annotation-api/2.0.0/jakarta.annotation-api-2.0.0-sources.jar
2022-07-13 21:28:10,674 [Worker-12: Download sources and javadoc] INFO  o.e.m.c.i.e.AbstractTransferListenerAdapter - Downloading https://repo.maven.apache.org/maven2/jakarta/annotation/jakarta.annotation-api/2.0.0/jakarta.annotation-api-2.0.0-sources.jar
2022-07-13 21:28:10,936 [Worker-12: Download sources and javadoc] INFO  o.e.m.c.i.e.AbstractTransferListenerAdapter - Downloaded https://repo.maven.apache.org/maven2/jakarta/annotation/jakarta.annotation-api/2.0.0/jakarta.annotation-api-2.0.0-sources.jar
2022-07-13 21:28:10,939 [Worker-12: Download sources and javadoc] INFO  o.e.m.j.internal.DownloadSourcesJob - Downloaded sources for jakarta.annotation:jakarta.annotation-api:2.0.0
2022-07-13 21:28:11,586 [Worker-12: Download sources and javadoc] INFO  o.e.m.c.i.e.AbstractTransferListenerAdapter - Downloading https://repo.spring.io/milestone/org/springframework/boot/spring-boot-starter-json/3.0.0-M3/spring-boot-starter-json-3.0.0-M3-sources.jar
2022-07-13 21:28:11,719 [Worker-12: Download sources and javadoc] INFO  o.e.m.c.i.e.AbstractTransferListenerAdapter - Downloaded https://repo.spring.io/milestone/org/springframework/boot/spring-boot-starter-json/3.0.0-M3/spring-boot-starter-json-3.0.0-M3-sources.jar
2022-07-13 21:28:11,723 [Worker-12: Download sources and javadoc] INFO  o.e.m.j.internal.DownloadSourcesJob - Downloaded sources for org.springframework.boot:spring-boot-starter-json:3.0.0-M3
2022-07-13 21:28:12,371 [Worker-12: Download sources and javadoc] INFO  o.e.m.c.i.e.AbstractTransferListenerAdapter - Downloading https://repo.spring.io/milestone/org/springframework/boot/spring-boot-starter-tomcat/3.0.0-M3/spring-boot-starter-tomcat-3.0.0-M3-sources.jar
2022-07-13 21:28:12,508 [Worker-12: Download sources and javadoc] INFO  o.e.m.c.i.e.AbstractTransferListenerAdapter - Downloaded https://repo.spring.io/milestone/org/springframework/boot/spring-boot-starter-tomcat/3.0.0-M3/spring-boot-starter-tomcat-3.0.0-M3-sources.jar
2022-07-13 21:28:12,512 [Worker-12: Download sources and javadoc] INFO  o.e.m.j.internal.DownloadSourcesJob - Downloaded sources for org.springframework.boot:spring-boot-starter-tomcat:3.0.0-M3
2022-07-13 21:28:13,129 [Worker-12: Download sources and javadoc] INFO  o.e.m.c.i.e.AbstractTransferListenerAdapter - Downloaded https://repo.spring.io/milestone/org/apache/tomcat/embed/tomcat-embed-core/10.0.21/tomcat-embed-core-10.0.21-sources.jar
2022-07-13 21:28:13,700 [Worker-12: Download sources and javadoc] INFO  o.e.m.c.i.e.AbstractTransferListenerAdapter - Downloading https://repo.maven.apache.org/maven2/org/apache/tomcat/embed/tomcat-embed-core/10.0.21/tomcat-embed-core-10.0.21-sources.jar
2022-07-13 21:28:14,867 [Worker-12: Download sources and javadoc] INFO  o.e.m.c.i.e.AbstractTransferListenerAdapter - Downloaded https://repo.maven.apache.org/maven2/org/apache/tomcat/embed/tomcat-embed-core/10.0.21/tomcat-embed-core-10.0.21-sources.jar
2022-07-13 21:28:14,875 [Worker-12: Download sources and javadoc] INFO  o.e.m.j.internal.DownloadSourcesJob - Downloaded sources for org.apache.tomcat.embed:tomcat-embed-core:10.0.21
2022-07-13 21:28:15,495 [Worker-12: Download sources and javadoc] INFO  o.e.m.c.i.e.AbstractTransferListenerAdapter - Downloaded https://repo.spring.io/milestone/org/apache/tomcat/embed/tomcat-embed-el/10.0.21/tomcat-embed-el-10.0.21-sources.jar
2022-07-13 21:28:16,020 [Worker-12: Download sources and javadoc] INFO  o.e.m.c.i.e.AbstractTransferListenerAdapter - Downloading https://repo.maven.apache.org/maven2/org/apache/tomcat/embed/tomcat-embed-el/10.0.21/tomcat-embed-el-10.0.21-sources.jar
2022-07-13 21:28:16,462 [Worker-12: Download sources and javadoc] INFO  o.e.m.c.i.e.AbstractTransferListenerAdapter - Downloaded https://repo.maven.apache.org/maven2/org/apache/tomcat/embed/tomcat-embed-el/10.0.21/tomcat-embed-el-10.0.21-sources.jar
2022-07-13 21:28:16,466 [Worker-12: Download sources and javadoc] INFO  o.e.m.j.internal.DownloadSourcesJob - Downloaded sources for org.apache.tomcat.embed:tomcat-embed-el:10.0.21
2022-07-13 21:28:17,080 [Worker-12: Download sources and javadoc] INFO  o.e.m.c.i.e.AbstractTransferListenerAdapter - Downloaded https://repo.spring.io/milestone/org/apache/tomcat/embed/tomcat-embed-websocket/10.0.21/tomcat-embed-websocket-10.0.21-sources.jar
2022-07-13 21:28:17,606 [Worker-12: Download sources and javadoc] INFO  o.e.m.c.i.e.AbstractTransferListenerAdapter - Downloading https://repo.maven.apache.org/maven2/org/apache/tomcat/embed/tomcat-embed-websocket/10.0.21/tomcat-embed-websocket-10.0.21-sources.jar
2022-07-13 21:28:18,061 [Worker-12: Download sources and javadoc] INFO  o.e.m.c.i.e.AbstractTransferListenerAdapter - Downloaded https://repo.maven.apache.org/maven2/org/apache/tomcat/embed/tomcat-embed-websocket/10.0.21/tomcat-embed-websocket-10.0.21-sources.jar
2022-07-13 21:28:18,069 [Worker-12: Download sources and javadoc] INFO  o.e.m.j.internal.DownloadSourcesJob - Downloaded sources for org.apache.tomcat.embed:tomcat-embed-websocket:10.0.21
2022-07-13 21:28:18,712 [Worker-12: Download sources and javadoc] INFO  o.e.m.c.i.e.AbstractTransferListenerAdapter - Downloading https://repo.spring.io/milestone/org/springframework/spring-web/6.0.0-M4/spring-web-6.0.0-M4-sources.jar
2022-07-13 21:28:19,961 [Worker-12: Download sources and javadoc] INFO  o.e.m.c.i.e.AbstractTransferListenerAdapter - Downloaded https://repo.spring.io/milestone/org/springframework/spring-web/6.0.0-M4/spring-web-6.0.0-M4-sources.jar
2022-07-13 21:28:19,963 [Worker-12: Download sources and javadoc] INFO  o.e.m.j.internal.DownloadSourcesJob - Downloaded sources for org.springframework:spring-web:6.0.0-M4
2022-07-13 21:28:20,633 [Worker-12: Download sources and javadoc] INFO  o.e.m.c.i.e.AbstractTransferListenerAdapter - Downloading https://repo.spring.io/milestone/org/springframework/spring-beans/6.0.0-M4/spring-beans-6.0.0-M4-sources.jar
2022-07-13 21:28:21,491 [Worker-12: Download sources and javadoc] INFO  o.e.m.c.i.e.AbstractTransferListenerAdapter - Downloaded https://repo.spring.io/milestone/org/springframework/spring-beans/6.0.0-M4/spring-beans-6.0.0-M4-sources.jar
2022-07-13 21:28:21,494 [Worker-12: Download sources and javadoc] INFO  o.e.m.j.internal.DownloadSourcesJob - Downloaded sources for org.springframework:spring-beans:6.0.0-M4
2022-07-13 21:28:22,151 [Worker-12: Download sources and javadoc] INFO  o.e.m.c.i.e.AbstractTransferListenerAdapter - Downloading https://repo.spring.io/milestone/org/springframework/spring-webmvc/6.0.0-M4/spring-webmvc-6.0.0-M4-sources.jar
2022-07-13 21:28:23,061 [Worker-12: Download sources and javadoc] INFO  o.e.m.c.i.e.AbstractTransferListenerAdapter - Downloaded https://repo.spring.io/milestone/org/springframework/spring-webmvc/6.0.0-M4/spring-webmvc-6.0.0-M4-sources.jar
2022-07-13 21:28:23,063 [Worker-12: Download sources and javadoc] INFO  o.e.m.j.internal.DownloadSourcesJob - Downloaded sources for org.springframework:spring-webmvc:6.0.0-M4
2022-07-13 21:28:23,699 [Worker-12: Download sources and javadoc] INFO  o.e.m.c.i.e.AbstractTransferListenerAdapter - Downloading https://repo.spring.io/milestone/org/springframework/spring-aop/6.0.0-M4/spring-aop-6.0.0-M4-sources.jar
2022-07-13 21:28:24,344 [Worker-12: Download sources and javadoc] INFO  o.e.m.c.i.e.AbstractTransferListenerAdapter - Downloaded https://repo.spring.io/milestone/org/springframework/spring-aop/6.0.0-M4/spring-aop-6.0.0-M4-sources.jar
2022-07-13 21:28:24,352 [Worker-12: Download sources and javadoc] INFO  o.e.m.j.internal.DownloadSourcesJob - Downloaded sources for org.springframework:spring-aop:6.0.0-M4
2022-07-13 21:28:25,001 [Worker-12: Download sources and javadoc] INFO  o.e.m.c.i.e.AbstractTransferListenerAdapter - Downloading https://repo.spring.io/milestone/org/springframework/spring-context/6.0.0-M4/spring-context-6.0.0-M4-sources.jar
2022-07-13 21:28:25,899 [Worker-12: Download sources and javadoc] INFO  o.e.m.c.i.e.AbstractTransferListenerAdapter - Downloaded https://repo.spring.io/milestone/org/springframework/spring-context/6.0.0-M4/spring-context-6.0.0-M4-sources.jar
2022-07-13 21:28:25,901 [Worker-12: Download sources and javadoc] INFO  o.e.m.j.internal.DownloadSourcesJob - Downloaded sources for org.springframework:spring-context:6.0.0-M4
2022-07-13 21:28:26,466 [Worker-12: Download sources and javadoc] INFO  o.e.m.c.i.e.AbstractTransferListenerAdapter - Downloading https://repo.spring.io/milestone/org/springframework/spring-expression/6.0.0-M4/spring-expression-6.0.0-M4-sources.jar
2022-07-13 21:28:27,082 [Worker-12: Download sources and javadoc] INFO  o.e.m.c.i.e.AbstractTransferListenerAdapter - Downloaded https://repo.spring.io/milestone/org/springframework/spring-expression/6.0.0-M4/spring-expression-6.0.0-M4-sources.jar
2022-07-13 21:28:27,084 [Worker-12: Download sources and javadoc] INFO  o.e.m.j.internal.DownloadSourcesJob - Downloaded sources for org.springframework:spring-expression:6.0.0-M4
2022-07-13 21:28:27,754 [Worker-12: Download sources and javadoc] INFO  o.e.m.c.i.e.AbstractTransferListenerAdapter - Downloading https://repo.spring.io/milestone/org/springframework/boot/spring-boot-devtools/3.0.0-M3/spring-boot-devtools-3.0.0-M3-sources.jar
2022-07-13 21:28:28,263 [Worker-12: Download sources and javadoc] INFO  o.e.m.c.i.e.AbstractTransferListenerAdapter - Downloaded https://repo.spring.io/milestone/org/springframework/boot/spring-boot-devtools/3.0.0-M3/spring-boot-devtools-3.0.0-M3-sources.jar
2022-07-13 21:28:28,266 [Worker-12: Download sources and javadoc] INFO  o.e.m.j.internal.DownloadSourcesJob - Downloaded sources for org.springframework.boot:spring-boot-devtools:3.0.0-M3
2022-07-13 21:28:28,928 [Worker-12: Download sources and javadoc] INFO  o.e.m.c.i.e.AbstractTransferListenerAdapter - Downloading https://repo.spring.io/milestone/org/springframework/boot/spring-boot/3.0.0-M3/spring-boot-3.0.0-M3-sources.jar
2022-07-13 21:28:29,854 [Worker-12: Download sources and javadoc] INFO  o.e.m.c.i.e.AbstractTransferListenerAdapter - Downloaded https://repo.spring.io/milestone/org/springframework/boot/spring-boot/3.0.0-M3/spring-boot-3.0.0-M3-sources.jar
2022-07-13 21:28:29,858 [Worker-12: Download sources and javadoc] INFO  o.e.m.j.internal.DownloadSourcesJob - Downloaded sources for org.springframework.boot:spring-boot:3.0.0-M3
2022-07-13 21:28:30,513 [Worker-12: Download sources and javadoc] INFO  o.e.m.c.i.e.AbstractTransferListenerAdapter - Downloading https://repo.spring.io/milestone/org/springframework/boot/spring-boot-autoconfigure/3.0.0-M3/spring-boot-autoconfigure-3.0.0-M3-sources.jar
2022-07-13 21:28:31,419 [Worker-12: Download sources and javadoc] INFO  o.e.m.c.i.e.AbstractTransferListenerAdapter - Downloaded https://repo.spring.io/milestone/org/springframework/boot/spring-boot-autoconfigure/3.0.0-M3/spring-boot-autoconfigure-3.0.0-M3-sources.jar
2022-07-13 21:28:31,421 [Worker-12: Download sources and javadoc] INFO  o.e.m.j.internal.DownloadSourcesJob - Downloaded sources for org.springframework.boot:spring-boot-autoconfigure:3.0.0-M3
2022-07-13 21:28:32,048 [Worker-12: Download sources and javadoc] INFO  o.e.m.c.i.e.AbstractTransferListenerAdapter - Downloading https://repo.spring.io/milestone/org/springframework/boot/spring-boot-starter-test/3.0.0-M3/spring-boot-starter-test-3.0.0-M3-sources.jar
2022-07-13 21:28:32,180 [Worker-12: Download sources and javadoc] INFO  o.e.m.c.i.e.AbstractTransferListenerAdapter - Downloaded https://repo.spring.io/milestone/org/springframework/boot/spring-boot-starter-test/3.0.0-M3/spring-boot-starter-test-3.0.0-M3-sources.jar
2022-07-13 21:28:32,184 [Worker-12: Download sources and javadoc] INFO  o.e.m.j.internal.DownloadSourcesJob - Downloaded sources for org.springframework.boot:spring-boot-starter-test:3.0.0-M3
2022-07-13 21:28:32,853 [Worker-12: Download sources and javadoc] INFO  o.e.m.c.i.e.AbstractTransferListenerAdapter - Downloading https://repo.spring.io/milestone/org/springframework/boot/spring-boot-test/3.0.0-M3/spring-boot-test-3.0.0-M3-sources.jar
2022-07-13 21:28:33,367 [Worker-12: Download sources and javadoc] INFO  o.e.m.c.i.e.AbstractTransferListenerAdapter - Downloaded https://repo.spring.io/milestone/org/springframework/boot/spring-boot-test/3.0.0-M3/spring-boot-test-3.0.0-M3-sources.jar
2022-07-13 21:28:33,370 [Worker-12: Download sources and javadoc] INFO  o.e.m.j.internal.DownloadSourcesJob - Downloaded sources for org.springframework.boot:spring-boot-test:3.0.0-M3
2022-07-13 21:28:34,060 [Worker-12: Download sources and javadoc] INFO  o.e.m.c.i.e.AbstractTransferListenerAdapter - Downloading https://repo.spring.io/milestone/org/springframework/boot/spring-boot-test-autoconfigure/3.0.0-M3/spring-boot-test-autoconfigure-3.0.0-M3-sources.jar
2022-07-13 21:28:34,677 [Worker-12: Download sources and javadoc] INFO  o.e.m.c.i.e.AbstractTransferListenerAdapter - Downloaded https://repo.spring.io/milestone/org/springframework/boot/spring-boot-test-autoconfigure/3.0.0-M3/spring-boot-test-autoconfigure-3.0.0-M3-sources.jar
2022-07-13 21:28:34,681 [Worker-12: Download sources and javadoc] INFO  o.e.m.j.internal.DownloadSourcesJob - Downloaded sources for org.springframework.boot:spring-boot-test-autoconfigure:3.0.0-M3
2022-07-13 21:28:35,311 [Worker-12: Download sources and javadoc] INFO  o.e.m.c.i.e.AbstractTransferListenerAdapter - Downloaded https://repo.spring.io/milestone/jakarta/xml/bind/jakarta.xml.bind-api/3.0.1/jakarta.xml.bind-api-3.0.1-sources.jar
2022-07-13 21:28:35,872 [Worker-12: Download sources and javadoc] INFO  o.e.m.c.i.e.AbstractTransferListenerAdapter - Downloading https://repo.maven.apache.org/maven2/jakarta/xml/bind/jakarta.xml.bind-api/3.0.1/jakarta.xml.bind-api-3.0.1-sources.jar
2022-07-13 21:28:36,331 [Worker-12: Download sources and javadoc] INFO  o.e.m.c.i.e.AbstractTransferListenerAdapter - Downloaded https://repo.maven.apache.org/maven2/jakarta/xml/bind/jakarta.xml.bind-api/3.0.1/jakarta.xml.bind-api-3.0.1-sources.jar
2022-07-13 21:28:36,338 [Worker-12: Download sources and javadoc] INFO  o.e.m.j.internal.DownloadSourcesJob - Downloaded sources for jakarta.xml.bind:jakarta.xml.bind-api:3.0.1
2022-07-13 21:28:37,046 [Worker-12: Download sources and javadoc] INFO  o.e.m.c.i.e.AbstractTransferListenerAdapter - Downloaded https://repo.spring.io/milestone/com/sun/activation/jakarta.activation/2.0.1/jakarta.activation-2.0.1-sources.jar
2022-07-13 21:28:37,578 [Worker-12: Download sources and javadoc] INFO  o.e.m.c.i.e.AbstractTransferListenerAdapter - Downloading https://repo.maven.apache.org/maven2/com/sun/activation/jakarta.activation/2.0.1/jakarta.activation-2.0.1-sources.jar
2022-07-13 21:28:37,865 [Worker-12: Download sources and javadoc] INFO  o.e.m.c.i.e.AbstractTransferListenerAdapter - Downloaded https://repo.maven.apache.org/maven2/com/sun/activation/jakarta.activation/2.0.1/jakarta.activation-2.0.1-sources.jar
2022-07-13 21:28:37,867 [Worker-12: Download sources and javadoc] INFO  o.e.m.j.internal.DownloadSourcesJob - Downloaded sources for com.sun.activation:jakarta.activation:2.0.1
2022-07-13 21:28:38,499 [Worker-12: Download sources and javadoc] INFO  o.e.m.c.i.e.AbstractTransferListenerAdapter - Downloaded https://repo.spring.io/milestone/net/bytebuddy/byte-buddy/1.12.10/byte-buddy-1.12.10-sources.jar
2022-07-13 21:28:39,039 [Worker-12: Download sources and javadoc] INFO  o.e.m.c.i.e.AbstractTransferListenerAdapter - Downloading https://repo.maven.apache.org/maven2/net/bytebuddy/byte-buddy/1.12.10/byte-buddy-1.12.10-sources.jar
2022-07-13 21:28:40,144 [Worker-12: Download sources and javadoc] INFO  o.e.m.c.i.e.AbstractTransferListenerAdapter - Downloaded https://repo.maven.apache.org/maven2/net/bytebuddy/byte-buddy/1.12.10/byte-buddy-1.12.10-sources.jar
2022-07-13 21:28:40,151 [Worker-12: Download sources and javadoc] INFO  o.e.m.j.internal.DownloadSourcesJob - Downloaded sources for net.bytebuddy:byte-buddy:1.12.10
2022-07-13 21:28:40,776 [Worker-12: Download sources and javadoc] INFO  o.e.m.c.i.e.AbstractTransferListenerAdapter - Downloaded https://repo.spring.io/milestone/net/bytebuddy/byte-buddy-agent/1.12.10/byte-buddy-agent-1.12.10-sources.jar
2022-07-13 21:28:41,322 [Worker-12: Download sources and javadoc] INFO  o.e.m.c.i.e.AbstractTransferListenerAdapter - Downloading https://repo.maven.apache.org/maven2/net/bytebuddy/byte-buddy-agent/1.12.10/byte-buddy-agent-1.12.10-sources.jar
2022-07-13 21:28:41,777 [Worker-12: Download sources and javadoc] INFO  o.e.m.c.i.e.AbstractTransferListenerAdapter - Downloaded https://repo.maven.apache.org/maven2/net/bytebuddy/byte-buddy-agent/1.12.10/byte-buddy-agent-1.12.10-sources.jar
2022-07-13 21:28:41,784 [Worker-12: Download sources and javadoc] INFO  o.e.m.j.internal.DownloadSourcesJob - Downloaded sources for net.bytebuddy:byte-buddy-agent:1.12.10
2022-07-13 21:28:42,416 [Worker-12: Download sources and javadoc] INFO  o.e.m.c.i.e.AbstractTransferListenerAdapter - Downloading https://repo.spring.io/milestone/org/springframework/spring-core/6.0.0-M4/spring-core-6.0.0-M4-sources.jar
2022-07-13 21:28:43,375 [Worker-12: Download sources and javadoc] INFO  o.e.m.c.i.e.AbstractTransferListenerAdapter - Downloaded https://repo.spring.io/milestone/org/springframework/spring-core/6.0.0-M4/spring-core-6.0.0-M4-sources.jar
2022-07-13 21:28:43,378 [Worker-12: Download sources and javadoc] INFO  o.e.m.j.internal.DownloadSourcesJob - Downloaded sources for org.springframework:spring-core:6.0.0-M4
2022-07-13 21:28:43,997 [Worker-12: Download sources and javadoc] INFO  o.e.m.c.i.e.AbstractTransferListenerAdapter - Downloading https://repo.spring.io/milestone/org/springframework/spring-jcl/6.0.0-M4/spring-jcl-6.0.0-M4-sources.jar
2022-07-13 21:28:44,249 [Worker-12: Download sources and javadoc] INFO  o.e.m.c.i.e.AbstractTransferListenerAdapter - Downloaded https://repo.spring.io/milestone/org/springframework/spring-jcl/6.0.0-M4/spring-jcl-6.0.0-M4-sources.jar
2022-07-13 21:28:44,252 [Worker-12: Download sources and javadoc] INFO  o.e.m.j.internal.DownloadSourcesJob - Downloaded sources for org.springframework:spring-jcl:6.0.0-M4
2022-07-13 21:28:44,920 [Worker-12: Download sources and javadoc] INFO  o.e.m.c.i.e.AbstractTransferListenerAdapter - Downloading https://repo.spring.io/milestone/org/springframework/spring-test/6.0.0-M4/spring-test-6.0.0-M4-sources.jar
2022-07-13 21:28:45,704 [Worker-12: Download sources and javadoc] INFO  o.e.m.c.i.e.AbstractTransferListenerAdapter - Downloaded https://repo.spring.io/milestone/org/springframework/spring-test/6.0.0-M4/spring-test-6.0.0-M4-sources.jar
2022-07-13 21:28:45,706 [Worker-12: Download sources and javadoc] INFO  o.e.m.j.internal.DownloadSourcesJob - Downloaded sources for org.springframework:spring-test:6.0.0-M4
2022-07-13 21:28:45,992 [Worker-13: Building] INFO  o.e.m.c.i.embedder.EclipseLogger - Using 'UTF-8' encoding to copy filtered resources.
2022-07-13 21:28:45,992 [Worker-13: Building] INFO  o.e.m.c.i.embedder.EclipseLogger - Using 'UTF-8' encoding to copy filtered properties files.
2022-07-13 21:28:45,993 [Worker-13: Building] INFO  o.e.m.c.i.embedder.EclipseLogger - Copying 0 resource
2022-07-13 21:28:45,993 [Worker-13: Building] INFO  o.e.m.c.i.embedder.EclipseLogger - Copying 0 resource
2022-07-13 21:28:45,995 [Worker-13: Building] INFO  o.e.m.c.i.embedder.EclipseLogger - Using 'UTF-8' encoding to copy filtered resources.
2022-07-13 21:28:45,996 [Worker-13: Building] INFO  o.e.m.c.i.embedder.EclipseLogger - Using 'UTF-8' encoding to copy filtered properties files.
2022-07-13 21:28:45,996 [Worker-13: Building] INFO  o.e.m.c.i.embedder.EclipseLogger - skip non existing resourceDirectory D:\rest-with-spring-boot-and-java-erudio\05_FistStepsInJavaWithSpringBoot\rest-with-spring-boot-and-java-erudio\src\test\resources
2022-07-13 21:31:21,609 [Worker-10: Updating Maven Project] INFO  o.e.m.c.i.p.ProjectConfigurationManager - Update started
2022-07-13 21:31:21,879 [Worker-10: Updating Maven Project] INFO  o.e.m.c.i.l.LifecycleMappingFactory - Using org.eclipse.m2e.jdt.JarLifecycleMapping lifecycle mapping for MavenProject: br.com.erudio:rest-with-spring-boot-and-java-erudio:0.0.1-SNAPSHOT @ D:\rest-with-spring-boot-and-java-erudio\05_FistStepsInJavaWithSpringBoot\rest-with-spring-boot-and-java-erudio\pom.xml.
2022-07-13 21:31:22,306 [Worker-10: Updating Maven Project] INFO  o.e.m.j.i.AbstractJavaProjectConfigurator - Adding source folder /rest-with-spring-boot-and-java-erudio/src/main/java
2022-07-13 21:31:22,307 [Worker-10: Updating Maven Project] INFO  o.e.m.j.i.AbstractJavaProjectConfigurator - Adding resource folder /rest-with-spring-boot-and-java-erudio/src/main/resources
2022-07-13 21:31:22,307 [Worker-10: Updating Maven Project] INFO  o.e.m.j.i.AbstractJavaProjectConfigurator - Adding resource folder /rest-with-spring-boot-and-java-erudio/src/main/resources
2022-07-13 21:31:22,308 [Worker-10: Updating Maven Project] INFO  o.e.m.j.i.AbstractJavaProjectConfigurator - Adding source folder /rest-with-spring-boot-and-java-erudio/src/test/java
2022-07-13 21:31:22,773 [Worker-10: Updating Maven Project] INFO  o.e.m.c.i.p.ProjectConfigurationManager - Update completed: 1 sec
2022-07-13 21:31:23,120 [Worker-13: Building] INFO  o.e.m.c.i.embedder.EclipseLogger - Using 'UTF-8' encoding to copy filtered resources.
2022-07-13 21:31:23,121 [Worker-13: Building] INFO  o.e.m.c.i.embedder.EclipseLogger - Using 'UTF-8' encoding to copy filtered properties files.
2022-07-13 21:31:23,121 [Worker-13: Building] INFO  o.e.m.c.i.embedder.EclipseLogger - Copying 1 resource
2022-07-13 21:31:23,134 [Worker-13: Building] INFO  o.e.m.c.i.embedder.EclipseLogger - Copying 0 resource
2022-07-13 21:31:23,136 [Worker-13: Building] INFO  o.e.m.c.i.embedder.EclipseLogger - Using 'UTF-8' encoding to copy filtered resources.
2022-07-13 21:31:23,136 [Worker-13: Building] INFO  o.e.m.c.i.embedder.EclipseLogger - Using 'UTF-8' encoding to copy filtered properties files.
2022-07-13 21:31:23,136 [Worker-13: Building] INFO  o.e.m.c.i.embedder.EclipseLogger - skip non existing resourceDirectory D:\rest-with-spring-boot-and-java-erudio\05_FistStepsInJavaWithSpringBoot\rest-with-spring-boot-and-java-erudio\src\test\resources
2022-07-13 21:34:32,230 [Worker-15: Building] INFO  o.e.m.c.i.embedder.EclipseLogger - Using 'UTF-8' encoding to copy filtered resources.
2022-07-13 21:34:32,230 [Worker-15: Building] INFO  o.e.m.c.i.embedder.EclipseLogger - Using 'UTF-8' encoding to copy filtered properties files.
2022-07-13 21:34:32,231 [Worker-15: Building] INFO  o.e.m.c.i.embedder.EclipseLogger - Copying 0 resource
2022-07-13 21:34:32,232 [Worker-15: Building] INFO  o.e.m.c.i.embedder.EclipseLogger - Copying 0 resource
2022-07-13 21:34:32,234 [Worker-15: Building] INFO  o.e.m.c.i.embedder.EclipseLogger - Using 'UTF-8' encoding to copy filtered resources.
2022-07-13 21:34:32,234 [Worker-15: Building] INFO  o.e.m.c.i.embedder.EclipseLogger - Using 'UTF-8' encoding to copy filtered properties files.
2022-07-13 21:34:32,234 [Worker-15: Building] INFO  o.e.m.c.i.embedder.EclipseLogger - skip non existing resourceDirectory D:\rest-with-spring-boot-and-java-erudio\05_FistStepsInJavaWithSpringBoot\rest-with-spring-boot-and-java-erudio\src\test\resources
2022-07-13 21:36:10,777 [Worker-10: Building] INFO  o.e.m.c.i.embedder.EclipseLogger - Using 'UTF-8' encoding to copy filtered resources.
2022-07-13 21:36:10,777 [Worker-10: Building] INFO  o.e.m.c.i.embedder.EclipseLogger - Using 'UTF-8' encoding to copy filtered properties files.
2022-07-13 21:36:10,780 [Worker-10: Building] INFO  o.e.m.c.i.embedder.EclipseLogger - Copying 1 resource
2022-07-13 21:36:10,784 [Worker-10: Building] INFO  o.e.m.c.i.embedder.EclipseLogger - Copying 0 resource
2022-07-13 21:36:10,785 [Worker-10: Building] INFO  o.e.m.c.i.embedder.EclipseLogger - Using 'UTF-8' encoding to copy filtered resources.
2022-07-13 21:36:10,786 [Worker-10: Building] INFO  o.e.m.c.i.embedder.EclipseLogger - Using 'UTF-8' encoding to copy filtered properties files.
2022-07-13 21:36:10,786 [Worker-10: Building] INFO  o.e.m.c.i.embedder.EclipseLogger - skip non existing resourceDirectory D:\rest-with-spring-boot-and-java-erudio\05_FistStepsInJavaWithSpringBoot\rest-with-spring-boot-and-java-erudio\src\test\resources
2022-07-13 21:37:16,987 [Worker-15: Building] INFO  o.e.m.c.i.embedder.EclipseLogger - Using 'UTF-8' encoding to copy filtered resources.
2022-07-13 21:37:16,987 [Worker-15: Building] INFO  o.e.m.c.i.embedder.EclipseLogger - Using 'UTF-8' encoding to copy filtered properties files.
2022-07-13 21:37:16,988 [Worker-15: Building] INFO  o.e.m.c.i.embedder.EclipseLogger - Copying 0 resource
2022-07-13 21:37:16,988 [Worker-15: Building] INFO  o.e.m.c.i.embedder.EclipseLogger - Copying 0 resource
2022-07-13 21:37:17,008 [Worker-15: Building] INFO  o.e.m.c.i.embedder.EclipseLogger - Using 'UTF-8' encoding to copy filtered resources.
2022-07-13 21:37:17,008 [Worker-15: Building] INFO  o.e.m.c.i.embedder.EclipseLogger - Using 'UTF-8' encoding to copy filtered properties files.
2022-07-13 21:37:17,009 [Worker-15: Building] INFO  o.e.m.c.i.embedder.EclipseLogger - skip non existing resourceDirectory D:\rest-with-spring-boot-and-java-erudio\05_FistStepsInJavaWithSpringBoot\rest-with-spring-boot-and-java-erudio\src\test\resources
2022-07-13 21:39:10,453 [Worker-10: Building] INFO  o.e.m.c.i.embedder.EclipseLogger - Using 'UTF-8' encoding to copy filtered resources.
2022-07-13 21:39:10,521 [Worker-10: Building] INFO  o.e.m.c.i.embedder.EclipseLogger - Using 'UTF-8' encoding to copy filtered properties files.
2022-07-13 21:39:10,521 [Worker-10: Building] INFO  o.e.m.c.i.embedder.EclipseLogger - Copying 0 resource
2022-07-13 21:39:10,522 [Worker-10: Building] INFO  o.e.m.c.i.embedder.EclipseLogger - Copying 0 resource
2022-07-13 21:39:10,523 [Worker-10: Building] INFO  o.e.m.c.i.embedder.EclipseLogger - Using 'UTF-8' encoding to copy filtered resources.
2022-07-13 21:39:10,524 [Worker-10: Building] INFO  o.e.m.c.i.embedder.EclipseLogger - Using 'UTF-8' encoding to copy filtered properties files.
2022-07-13 21:39:10,524 [Worker-10: Building] INFO  o.e.m.c.i.embedder.EclipseLogger - skip non existing resourceDirectory D:\rest-with-spring-boot-and-java-erudio\05_FistStepsInJavaWithSpringBoot\rest-with-spring-boot-and-java-erudio\src\test\resources
2022-07-13 22:01:48,389 [Worker-5: Loading available Gradle versions] INFO  o.e.b.c.i.u.g.PublishedGradleVersions - Gradle version information cache is up-to-date. Trying to read.
2022-07-13 22:05:45,810 [Worker-2: Building] INFO  o.e.m.c.i.embedder.EclipseLogger - Using 'UTF-8' encoding to copy filtered resources.
2022-07-13 22:05:45,810 [Worker-2: Building] INFO  o.e.m.c.i.embedder.EclipseLogger - Using 'UTF-8' encoding to copy filtered properties files.
2022-07-13 22:05:45,813 [Worker-2: Building] INFO  o.e.m.c.i.embedder.EclipseLogger - Copying 1 resource
2022-07-13 22:05:45,828 [Worker-2: Building] INFO  o.e.m.c.i.embedder.EclipseLogger - Copying 0 resource
2022-07-13 22:05:45,830 [Worker-2: Building] INFO  o.e.m.c.i.embedder.EclipseLogger - Using 'UTF-8' encoding to copy filtered resources.
2022-07-13 22:05:45,831 [Worker-2: Building] INFO  o.e.m.c.i.embedder.EclipseLogger - Using 'UTF-8' encoding to copy filtered properties files.
2022-07-13 22:05:45,831 [Worker-2: Building] INFO  o.e.m.c.i.embedder.EclipseLogger - skip non existing resourceDirectory D:\rest-with-spring-boot-and-java-erudio\05_FistStepsInJavaWithSpringBoot\rest-with-spring-boot-and-java-erudio\src\test\resources
2022-07-13 22:05:49,490 [Worker-10: Building] INFO  o.e.m.c.i.embedder.EclipseLogger - Using 'UTF-8' encoding to copy filtered resources.
2022-07-13 22:05:49,491 [Worker-10: Building] INFO  o.e.m.c.i.embedder.EclipseLogger - Using 'UTF-8' encoding to copy filtered properties files.
2022-07-13 22:05:49,495 [Worker-10: Building] INFO  o.e.m.c.i.embedder.EclipseLogger - Copying 1 resource
2022-07-13 22:05:49,499 [Worker-10: Building] INFO  o.e.m.c.i.embedder.EclipseLogger - Copying 0 resource
2022-07-13 22:05:49,502 [Worker-10: Building] INFO  o.e.m.c.i.embedder.EclipseLogger - Using 'UTF-8' encoding to copy filtered resources.
2022-07-13 22:05:49,502 [Worker-10: Building] INFO  o.e.m.c.i.embedder.EclipseLogger - Using 'UTF-8' encoding to copy filtered properties files.
2022-07-13 22:05:49,503 [Worker-10: Building] INFO  o.e.m.c.i.embedder.EclipseLogger - skip non existing resourceDirectory D:\rest-with-spring-boot-and-java-erudio\05_FistStepsInJavaWithSpringBoot\rest-with-spring-boot-and-java-erudio\src\test\resources
2022-07-13 22:07:17,887 [Worker-10: Building] INFO  o.e.m.c.i.embedder.EclipseLogger - Using 'UTF-8' encoding to copy filtered resources.
2022-07-13 22:07:17,887 [Worker-10: Building] INFO  o.e.m.c.i.embedder.EclipseLogger - Using 'UTF-8' encoding to copy filtered properties files.
2022-07-13 22:07:17,888 [Worker-10: Building] INFO  o.e.m.c.i.embedder.EclipseLogger - Copying 1 resource
2022-07-13 22:07:17,896 [Worker-10: Building] INFO  o.e.m.c.i.embedder.EclipseLogger - Copying 0 resource
2022-07-13 22:07:17,905 [Worker-10: Building] INFO  o.e.m.c.i.embedder.EclipseLogger - Using 'UTF-8' encoding to copy filtered resources.
2022-07-13 22:07:17,905 [Worker-10: Building] INFO  o.e.m.c.i.embedder.EclipseLogger - Using 'UTF-8' encoding to copy filtered properties files.
2022-07-13 22:07:17,905 [Worker-10: Building] INFO  o.e.m.c.i.embedder.EclipseLogger - skip non existing resourceDirectory D:\rest-with-spring-boot-and-java-erudio\05_FistStepsInJavaWithSpringBoot\rest-with-spring-boot-and-java-erudio\src\test\resources
2022-07-13 22:08:32,219 [Worker-3: Building] INFO  o.e.m.c.i.embedder.EclipseLogger - Using 'UTF-8' encoding to copy filtered resources.
2022-07-13 22:08:32,219 [Worker-3: Building] INFO  o.e.m.c.i.embedder.EclipseLogger - Using 'UTF-8' encoding to copy filtered properties files.
2022-07-13 22:08:32,222 [Worker-3: Building] INFO  o.e.m.c.i.embedder.EclipseLogger - Copying 1 resource
2022-07-13 22:08:32,232 [Worker-3: Building] INFO  o.e.m.c.i.embedder.EclipseLogger - Copying 0 resource
2022-07-13 22:08:32,234 [Worker-3: Building] INFO  o.e.m.c.i.embedder.EclipseLogger - Using 'UTF-8' encoding to copy filtered resources.
2022-07-13 22:08:32,235 [Worker-3: Building] INFO  o.e.m.c.i.embedder.EclipseLogger - Using 'UTF-8' encoding to copy filtered properties files.
2022-07-13 22:08:32,235 [Worker-3: Building] INFO  o.e.m.c.i.embedder.EclipseLogger - skip non existing resourceDirectory D:\rest-with-spring-boot-and-java-erudio\05_FistStepsInJavaWithSpringBoot\rest-with-spring-boot-and-java-erudio\src\test\resources
2022-07-13 22:09:33,782 [Worker-3: Building] INFO  o.e.m.c.i.embedder.EclipseLogger - Using 'UTF-8' encoding to copy filtered resources.
2022-07-13 22:09:33,783 [Worker-3: Building] INFO  o.e.m.c.i.embedder.EclipseLogger - Using 'UTF-8' encoding to copy filtered properties files.
2022-07-13 22:09:33,783 [Worker-3: Building] INFO  o.e.m.c.i.embedder.EclipseLogger - Copying 0 resource
2022-07-13 22:09:33,784 [Worker-3: Building] INFO  o.e.m.c.i.embedder.EclipseLogger - Copying 0 resource
2022-07-13 22:09:33,785 [Worker-3: Building] INFO  o.e.m.c.i.embedder.EclipseLogger - Using 'UTF-8' encoding to copy filtered resources.
2022-07-13 22:09:33,786 [Worker-3: Building] INFO  o.e.m.c.i.embedder.EclipseLogger - Using 'UTF-8' encoding to copy filtered properties files.
2022-07-13 22:09:33,786 [Worker-3: Building] INFO  o.e.m.c.i.embedder.EclipseLogger - skip non existing resourceDirectory D:\rest-with-spring-boot-and-java-erudio\05_FistStepsInJavaWithSpringBoot\rest-with-spring-boot-and-java-erudio\src\test\resources
2022-07-13 22:09:56,179 [Worker-12: Building] INFO  o.e.m.c.i.embedder.EclipseLogger - Using 'UTF-8' encoding to copy filtered resources.
2022-07-13 22:09:56,179 [Worker-12: Building] INFO  o.e.m.c.i.embedder.EclipseLogger - Using 'UTF-8' encoding to copy filtered properties files.
2022-07-13 22:09:56,185 [Worker-12: Building] INFO  o.e.m.c.i.embedder.EclipseLogger - Copying 0 resource
2022-07-13 22:09:56,185 [Worker-12: Building] INFO  o.e.m.c.i.embedder.EclipseLogger - Copying 0 resource
2022-07-13 22:09:56,188 [Worker-12: Building] INFO  o.e.m.c.i.embedder.EclipseLogger - Using 'UTF-8' encoding to copy filtered resources.
2022-07-13 22:09:56,190 [Worker-12: Building] INFO  o.e.m.c.i.embedder.EclipseLogger - Using 'UTF-8' encoding to copy filtered properties files.
2022-07-13 22:09:56,190 [Worker-12: Building] INFO  o.e.m.c.i.embedder.EclipseLogger - skip non existing resourceDirectory D:\rest-with-spring-boot-and-java-erudio\05_FistStepsInJavaWithSpringBoot\rest-with-spring-boot-and-java-erudio\src\test\resources
2022-07-13 22:11:48,464 [Worker-10: Building] INFO  o.e.m.c.i.embedder.EclipseLogger - Using 'UTF-8' encoding to copy filtered resources.
2022-07-13 22:11:48,465 [Worker-10: Building] INFO  o.e.m.c.i.embedder.EclipseLogger - Using 'UTF-8' encoding to copy filtered properties files.
2022-07-13 22:11:48,465 [Worker-10: Building] INFO  o.e.m.c.i.embedder.EclipseLogger - Copying 1 resource
2022-07-13 22:11:48,470 [Worker-10: Building] INFO  o.e.m.c.i.embedder.EclipseLogger - Copying 0 resource
2022-07-13 22:11:48,472 [Worker-10: Building] INFO  o.e.m.c.i.embedder.EclipseLogger - Using 'UTF-8' encoding to copy filtered resources.
2022-07-13 22:11:48,472 [Worker-10: Building] INFO  o.e.m.c.i.embedder.EclipseLogger - Using 'UTF-8' encoding to copy filtered properties files.
2022-07-13 22:11:48,472 [Worker-10: Building] INFO  o.e.m.c.i.embedder.EclipseLogger - skip non existing resourceDirectory D:\rest-with-spring-boot-and-java-erudio\05_FistStepsInJavaWithSpringBoot\rest-with-spring-boot-and-java-erudio\src\test\resources
2022-07-13 22:22:09,937 [Worker-17: Building] INFO  o.e.m.c.i.embedder.EclipseLogger - Using 'UTF-8' encoding to copy filtered resources.
2022-07-13 22:22:09,937 [Worker-17: Building] INFO  o.e.m.c.i.embedder.EclipseLogger - Using 'UTF-8' encoding to copy filtered properties files.
2022-07-13 22:22:09,939 [Worker-17: Building] INFO  o.e.m.c.i.embedder.EclipseLogger - Copying 1 resource
2022-07-13 22:22:09,949 [Worker-17: Building] INFO  o.e.m.c.i.embedder.EclipseLogger - Copying 0 resource
2022-07-13 22:22:09,953 [Worker-17: Building] INFO  o.e.m.c.i.embedder.EclipseLogger - Using 'UTF-8' encoding to copy filtered resources.
2022-07-13 22:22:09,953 [Worker-17: Building] INFO  o.e.m.c.i.embedder.EclipseLogger - Using 'UTF-8' encoding to copy filtered properties files.
2022-07-13 22:22:09,954 [Worker-17: Building] INFO  o.e.m.c.i.embedder.EclipseLogger - skip non existing resourceDirectory D:\rest-with-spring-boot-and-java-erudio\05_FistStepsInJavaWithSpringBoot\rest-with-spring-boot-and-java-erudio\src\test\resources
2022-07-13 22:24:36,374 [Worker-17: Building] INFO  o.e.m.c.i.embedder.EclipseLogger - Using 'UTF-8' encoding to copy filtered resources.
2022-07-13 22:24:36,375 [Worker-17: Building] INFO  o.e.m.c.i.embedder.EclipseLogger - Using 'UTF-8' encoding to copy filtered properties files.
2022-07-13 22:24:36,376 [Worker-17: Building] INFO  o.e.m.c.i.embedder.EclipseLogger - Copying 1 resource
2022-07-13 22:24:36,387 [Worker-17: Building] INFO  o.e.m.c.i.embedder.EclipseLogger - Copying 0 resource
2022-07-13 22:24:36,390 [Worker-17: Building] INFO  o.e.m.c.i.embedder.EclipseLogger - Using 'UTF-8' encoding to copy filtered resources.
2022-07-13 22:24:36,390 [Worker-17: Building] INFO  o.e.m.c.i.embedder.EclipseLogger - Using 'UTF-8' encoding to copy filtered properties files.
2022-07-13 22:24:36,390 [Worker-17: Building] INFO  o.e.m.c.i.embedder.EclipseLogger - skip non existing resourceDirectory D:\rest-with-spring-boot-and-java-erudio\05_FistStepsInJavaWithSpringBoot\rest-with-spring-boot-and-java-erudio\src\test\resources
2022-07-14 07:21:17,087 [Worker-26: Launching rest-with-spring-boot-and-java-erudio - Startup] INFO  o.e.m.c.i.embedder.EclipseLogger - Using 'UTF-8' encoding to copy filtered resources.
2022-07-14 07:21:17,088 [Worker-26: Launching rest-with-spring-boot-and-java-erudio - Startup] INFO  o.e.m.c.i.embedder.EclipseLogger - Using 'UTF-8' encoding to copy filtered properties files.
2022-07-14 07:21:17,089 [Worker-26: Launching rest-with-spring-boot-and-java-erudio - Startup] INFO  o.e.m.c.i.embedder.EclipseLogger - Copying 1 resource
2022-07-14 07:21:17,102 [Worker-26: Launching rest-with-spring-boot-and-java-erudio - Startup] INFO  o.e.m.c.i.embedder.EclipseLogger - Copying 0 resource
2022-07-14 07:21:17,105 [Worker-26: Launching rest-with-spring-boot-and-java-erudio - Startup] INFO  o.e.m.c.i.embedder.EclipseLogger - Using 'UTF-8' encoding to copy filtered resources.
2022-07-14 07:21:17,105 [Worker-26: Launching rest-with-spring-boot-and-java-erudio - Startup] INFO  o.e.m.c.i.embedder.EclipseLogger - Using 'UTF-8' encoding to copy filtered properties files.
2022-07-14 07:21:17,105 [Worker-26: Launching rest-with-spring-boot-and-java-erudio - Startup] INFO  o.e.m.c.i.embedder.EclipseLogger - skip non existing resourceDirectory D:\rest-with-spring-boot-and-java-erudio\05_FistStepsInJavaWithSpringBoot\rest-with-spring-boot-and-java-erudio\src\test\resources
2022-07-14 07:24:36,988 [Worker-15: Building] INFO  o.e.m.c.i.embedder.EclipseLogger - Using 'UTF-8' encoding to copy filtered resources.
2022-07-14 07:24:36,989 [Worker-15: Building] INFO  o.e.m.c.i.embedder.EclipseLogger - Using 'UTF-8' encoding to copy filtered properties files.
2022-07-14 07:24:36,990 [Worker-15: Building] INFO  o.e.m.c.i.embedder.EclipseLogger - Copying 1 resource
2022-07-14 07:24:36,995 [Worker-15: Building] INFO  o.e.m.c.i.embedder.EclipseLogger - Copying 0 resource
2022-07-14 07:24:36,996 [Worker-15: Building] INFO  o.e.m.c.i.embedder.EclipseLogger - Using 'UTF-8' encoding to copy filtered resources.
2022-07-14 07:24:36,997 [Worker-15: Building] INFO  o.e.m.c.i.embedder.EclipseLogger - Using 'UTF-8' encoding to copy filtered properties files.
2022-07-14 07:24:36,997 [Worker-15: Building] INFO  o.e.m.c.i.embedder.EclipseLogger - skip non existing resourceDirectory D:\rest-with-spring-boot-and-java-erudio\05_FistStepsInJavaWithSpringBoot\rest-with-spring-boot-and-java-erudio\src\test\resources
2022-07-14 07:29:58,627 [Worker-0: Loading available Gradle versions] INFO  o.e.b.c.i.u.g.PublishedGradleVersions - Gradle version information cache is up-to-date. Trying to read.
2022-07-14 07:32:21,058 [Worker-0: Loading available Gradle versions] INFO  o.e.b.c.i.u.g.PublishedGradleVersions - Gradle version information cache is up-to-date. Trying to read.
2022-07-14 07:34:10,444 [Worker-3: Building] INFO  o.e.m.c.i.embedder.EclipseLogger - Using 'UTF-8' encoding to copy filtered resources.
2022-07-14 07:34:10,445 [Worker-3: Building] INFO  o.e.m.c.i.embedder.EclipseLogger - Using 'UTF-8' encoding to copy filtered properties files.
2022-07-14 07:34:10,453 [Worker-3: Building] INFO  o.e.m.c.i.embedder.EclipseLogger - Copying 1 resource
2022-07-14 07:34:10,474 [Worker-3: Building] INFO  o.e.m.c.i.embedder.EclipseLogger - Copying 0 resource
2022-07-14 07:34:10,477 [Worker-3: Building] INFO  o.e.m.c.i.embedder.EclipseLogger - Using 'UTF-8' encoding to copy filtered resources.
2022-07-14 07:34:10,478 [Worker-3: Building] INFO  o.e.m.c.i.embedder.EclipseLogger - Using 'UTF-8' encoding to copy filtered properties files.
2022-07-14 07:34:10,478 [Worker-3: Building] INFO  o.e.m.c.i.embedder.EclipseLogger - skip non existing resourceDirectory D:\rest-with-spring-boot-and-java-erudio\05_FistStepsInJavaWithSpringBoot\rest-with-spring-boot-and-java-erudio\src\test\resources
2022-07-14 15:03:43,195 [Worker-4: Loading available Gradle versions] INFO  o.e.b.c.i.u.g.PublishedGradleVersions - Gradle version information cache is up-to-date. Trying to read.
2022-07-14 15:04:28,262 [Worker-4: Updating Maven Project] INFO  o.e.m.c.i.p.ProjectConfigurationManager - Update started
2022-07-14 15:04:29,122 [Worker-4: Updating Maven Project] INFO  o.e.m.c.i.l.LifecycleMappingFactory - Using org.eclipse.m2e.jdt.JarLifecycleMapping lifecycle mapping for MavenProject: br.com.erudio:rest-with-spring-boot-and-java-erudio:0.0.1-SNAPSHOT @ D:\rest-with-spring-boot-and-java-erudio\05_FistStepsInJavaWithSpringBoot\rest-with-spring-boot-and-java-erudio\pom.xml.
2022-07-14 15:04:30,001 [Worker-4: Updating Maven Project] INFO  o.e.m.j.i.AbstractJavaProjectConfigurator - Adding source folder /rest-with-spring-boot-and-java-erudio/src/main/java
2022-07-14 15:04:30,007 [Worker-4: Updating Maven Project] INFO  o.e.m.j.i.AbstractJavaProjectConfigurator - Adding resource folder /rest-with-spring-boot-and-java-erudio/src/main/resources
2022-07-14 15:04:30,008 [Worker-4: Updating Maven Project] INFO  o.e.m.j.i.AbstractJavaProjectConfigurator - Adding resource folder /rest-with-spring-boot-and-java-erudio/src/main/resources
2022-07-14 15:04:30,010 [Worker-4: Updating Maven Project] INFO  o.e.m.j.i.AbstractJavaProjectConfigurator - Adding source folder /rest-with-spring-boot-and-java-erudio/src/test/java
2022-07-14 15:04:30,839 [Worker-4: Updating Maven Project] INFO  o.e.m.c.i.p.ProjectConfigurationManager - Update completed: 2 sec
2022-07-14 15:04:30,984 [Worker-1: Building] INFO  o.e.m.c.i.embedder.EclipseLogger - Using 'UTF-8' encoding to copy filtered resources.
2022-07-14 15:04:30,984 [Worker-1: Building] INFO  o.e.m.c.i.embedder.EclipseLogger - Using 'UTF-8' encoding to copy filtered properties files.
2022-07-14 15:04:30,986 [Worker-1: Building] INFO  o.e.m.c.i.embedder.EclipseLogger - Copying 1 resource
2022-07-14 15:04:31,000 [Worker-1: Building] INFO  o.e.m.c.i.embedder.EclipseLogger - Copying 0 resource
2022-07-14 15:04:31,002 [Worker-1: Building] INFO  o.e.m.c.i.embedder.EclipseLogger - Using 'UTF-8' encoding to copy filtered resources.
2022-07-14 15:04:31,003 [Worker-1: Building] INFO  o.e.m.c.i.embedder.EclipseLogger - Using 'UTF-8' encoding to copy filtered properties files.
2022-07-14 15:04:31,003 [Worker-1: Building] INFO  o.e.m.c.i.embedder.EclipseLogger - skip non existing resourceDirectory D:\rest-with-spring-boot-and-java-erudio\05_FistStepsInJavaWithSpringBoot\rest-with-spring-boot-and-java-erudio\src\test\resources
2022-07-14 15:41:34,511 [Worker-0: Loading available Gradle versions] INFO  o.e.b.c.i.u.g.PublishedGradleVersions - Gradle version information cache is up-to-date. Trying to read.
2022-07-14 16:09:50,081 [Worker-1: Loading available Gradle versions] INFO  o.e.b.c.i.u.g.PublishedGradleVersions - Gradle version information cache is up-to-date. Trying to read.
2022-07-14 16:10:21,775 [Worker-5: Updating Maven Project] INFO  o.e.m.c.i.p.ProjectConfigurationManager - Update started
2022-07-14 16:10:22,678 [Worker-5: Updating Maven Project] INFO  o.e.m.c.i.l.LifecycleMappingFactory - Using org.eclipse.m2e.jdt.JarLifecycleMapping lifecycle mapping for MavenProject: br.com.erudio:rest-with-spring-boot-and-java-erudio:0.0.1-SNAPSHOT @ D:\rest-with-spring-boot-and-java-erudio\05_FistStepsInJavaWithSpringBoot\rest-with-spring-boot-and-java-erudio\pom.xml.
2022-07-14 16:10:23,622 [Worker-5: Updating Maven Project] INFO  o.e.m.j.i.AbstractJavaProjectConfigurator - Adding source folder /rest-with-spring-boot-and-java-erudio/src/main/java
2022-07-14 16:10:23,623 [Worker-5: Updating Maven Project] INFO  o.e.m.j.i.AbstractJavaProjectConfigurator - Adding resource folder /rest-with-spring-boot-and-java-erudio/src/main/resources
2022-07-14 16:10:23,624 [Worker-5: Updating Maven Project] INFO  o.e.m.j.i.AbstractJavaProjectConfigurator - Adding resource folder /rest-with-spring-boot-and-java-erudio/src/main/resources
2022-07-14 16:10:23,625 [Worker-5: Updating Maven Project] INFO  o.e.m.j.i.AbstractJavaProjectConfigurator - Adding source folder /rest-with-spring-boot-and-java-erudio/src/test/java
2022-07-14 16:10:23,971 [Worker-5: Updating Maven Project] INFO  o.e.m.c.i.p.ProjectConfigurationManager - Update completed: 2 sec
2022-07-14 16:10:24,406 [Worker-3: Building] INFO  o.e.m.c.i.embedder.EclipseLogger - Using 'UTF-8' encoding to copy filtered resources.
2022-07-14 16:10:24,406 [Worker-3: Building] INFO  o.e.m.c.i.embedder.EclipseLogger - Using 'UTF-8' encoding to copy filtered properties files.
2022-07-14 16:10:24,411 [Worker-3: Building] INFO  o.e.m.c.i.embedder.EclipseLogger - Copying 1 resource
2022-07-14 16:10:24,429 [Worker-3: Building] INFO  o.e.m.c.i.embedder.EclipseLogger - Copying 0 resource
2022-07-14 16:10:24,432 [Worker-3: Building] INFO  o.e.m.c.i.embedder.EclipseLogger - Using 'UTF-8' encoding to copy filtered resources.
2022-07-14 16:10:24,433 [Worker-3: Building] INFO  o.e.m.c.i.embedder.EclipseLogger - Using 'UTF-8' encoding to copy filtered properties files.
2022-07-14 16:10:24,433 [Worker-3: Building] INFO  o.e.m.c.i.embedder.EclipseLogger - skip non existing resourceDirectory D:\rest-with-spring-boot-and-java-erudio\05_FistStepsInJavaWithSpringBoot\rest-with-spring-boot-and-java-erudio\src\test\resources
2022-07-14 16:11:30,299 [Worker-7: Building] INFO  o.e.m.c.i.embedder.EclipseLogger - Using 'UTF-8' encoding to copy filtered resources.
2022-07-14 16:11:30,299 [Worker-7: Building] INFO  o.e.m.c.i.embedder.EclipseLogger - Using 'UTF-8' encoding to copy filtered properties files.
2022-07-14 16:11:30,302 [Worker-7: Building] INFO  o.e.m.c.i.embedder.EclipseLogger - Copying 1 resource
2022-07-14 16:11:30,306 [Worker-7: Building] INFO  o.e.m.c.i.embedder.EclipseLogger - Copying 0 resource
2022-07-14 16:11:30,308 [Worker-7: Building] INFO  o.e.m.c.i.embedder.EclipseLogger - Using 'UTF-8' encoding to copy filtered resources.
2022-07-14 16:11:30,308 [Worker-7: Building] INFO  o.e.m.c.i.embedder.EclipseLogger - Using 'UTF-8' encoding to copy filtered properties files.
2022-07-14 16:11:30,309 [Worker-7: Building] INFO  o.e.m.c.i.embedder.EclipseLogger - skip non existing resourceDirectory D:\rest-with-spring-boot-and-java-erudio\05_FistStepsInJavaWithSpringBoot\rest-with-spring-boot-and-java-erudio\src\test\resources
